2023-09-26 20:36:09,035 ERROR: Error occurred: Message: Unable to locate or obtain driver for chrome; For documentation on this error, please visit: https://www.selenium.dev/documentation/webdriver/troubleshooting/errors/driver_location
 [in /home/qwe/Pulpit/asystent/wp_api/wp_api.py:33]
2023-09-26 20:36:21,104 ERROR: Error occurred: Message: Unable to locate or obtain driver for chrome; For documentation on this error, please visit: https://www.selenium.dev/documentation/webdriver/troubleshooting/errors/driver_location
 [in /home/qwe/Pulpit/asystent/wp_api/wp_api.py:33]
2023-09-26 20:36:29,893 ERROR: Error occurred: Message: Unable to locate or obtain driver for chrome; For documentation on this error, please visit: https://www.selenium.dev/documentation/webdriver/troubleshooting/errors/driver_location
 [in /home/qwe/Pulpit/asystent/wp_api/wp_api.py:33]
2023-09-26 20:40:58,452 INFO: Received Message: kliknij tutaj, aby wyświetlić informacje o grupie [in /home/qwe/Pulpit/asystent/wp_api/wp_api.py:65]
2023-09-26 20:40:58,572 INFO: Received Message: asfasd [in /home/qwe/Pulpit/asystent/wp_api/wp_api.py:65]
2023-09-26 20:40:58,641 INFO: Received Message: Hello from Flask! [in /home/qwe/Pulpit/asystent/wp_api/wp_api.py:65]
2023-09-26 20:40:58,868 INFO: Monitoring started for contact: Test [in /home/qwe/Pulpit/asystent/wp_api/wp_api.py:30]
2023-09-27 00:08:14,585 INFO: Received Message: kliknij tutaj, aby wyświetlić informacje o grupie [in /home/qwe/Pulpit/asystent/wp_api/wp_api.py:73]
2023-09-27 00:08:14,713 INFO: Received Message: test [in /home/qwe/Pulpit/asystent/wp_api/wp_api.py:73]
2023-09-27 00:08:14,783 INFO: Received Message: gjfjgfjfh [in /home/qwe/Pulpit/asystent/wp_api/wp_api.py:73]
2023-09-27 00:08:14,830 INFO: Received Message: Cffg [in /home/qwe/Pulpit/asystent/wp_api/wp_api.py:73]
2023-09-27 00:08:14,868 INFO: Received Message: fdfd [in /home/qwe/Pulpit/asystent/wp_api/wp_api.py:73]
2023-09-27 00:08:14,926 INFO: Received Message: vdsdfs [in /home/qwe/Pulpit/asystent/wp_api/wp_api.py:73]
2023-09-27 00:08:15,025 INFO: Received Message: sdfsd [in /home/qwe/Pulpit/asystent/wp_api/wp_api.py:73]
2023-09-27 00:08:15,058 INFO: Received Message: cdssa [in /home/qwe/Pulpit/asystent/wp_api/wp_api.py:73]
2023-09-27 00:08:15,101 INFO: Received Message: ghj [in /home/qwe/Pulpit/asystent/wp_api/wp_api.py:73]
2023-09-27 00:08:15,129 INFO: Received Message: ffff [in /home/qwe/Pulpit/asystent/wp_api/wp_api.py:73]
2023-09-27 00:08:15,178 INFO: Received Message: fffffffff [in /home/qwe/Pulpit/asystent/wp_api/wp_api.py:73]
2023-09-27 00:08:15,220 INFO: Received Message: Hello from Flask! [in /home/qwe/Pulpit/asystent/wp_api/wp_api.py:73]
2023-09-27 00:08:15,273 INFO: Received Message: Hello from Flask! [in /home/qwe/Pulpit/asystent/wp_api/wp_api.py:73]
2023-09-27 00:08:15,292 INFO: Received Message: dhjhdsgd [in /home/qwe/Pulpit/asystent/wp_api/wp_api.py:73]
2023-09-27 00:08:15,309 INFO: Received Message: asfasd [in /home/qwe/Pulpit/asystent/wp_api/wp_api.py:73]
2023-09-27 00:08:15,340 INFO: Received Message: Hello from Flask! [in /home/qwe/Pulpit/asystent/wp_api/wp_api.py:73]
2023-09-27 00:08:15,505 INFO: Monitoring started for contact: Test [in /home/qwe/Pulpit/asystent/wp_api/wp_api.py:33]
2023-09-27 00:12:14,663 INFO: Received Message: kliknij tutaj, aby wyświetlić informacje o grupie [in /home/qwe/Pulpit/asystent/wp_api/wp_api.py:79]
2023-09-27 00:12:14,758 INFO: Received Message: test [in /home/qwe/Pulpit/asystent/wp_api/wp_api.py:79]
2023-09-27 00:12:14,846 INFO: Received Message: gjfjgfjfh [in /home/qwe/Pulpit/asystent/wp_api/wp_api.py:79]
2023-09-27 00:12:14,960 INFO: Received Message: Cffg [in /home/qwe/Pulpit/asystent/wp_api/wp_api.py:79]
2023-09-27 00:12:15,111 INFO: Received Message: fdfd [in /home/qwe/Pulpit/asystent/wp_api/wp_api.py:79]
2023-09-27 00:12:15,168 INFO: Received Message: vdsdfs [in /home/qwe/Pulpit/asystent/wp_api/wp_api.py:79]
2023-09-27 00:12:15,193 INFO: Received Message: sdfsd [in /home/qwe/Pulpit/asystent/wp_api/wp_api.py:79]
2023-09-27 00:12:15,223 INFO: Received Message: cdssa [in /home/qwe/Pulpit/asystent/wp_api/wp_api.py:79]
2023-09-27 00:12:15,254 INFO: Received Message: ghj [in /home/qwe/Pulpit/asystent/wp_api/wp_api.py:79]
2023-09-27 00:12:15,278 INFO: Received Message: ffff [in /home/qwe/Pulpit/asystent/wp_api/wp_api.py:79]
2023-09-27 00:12:15,304 INFO: Received Message: fffffffff [in /home/qwe/Pulpit/asystent/wp_api/wp_api.py:79]
2023-09-27 00:12:15,366 INFO: Received Message: Hello from Flask! [in /home/qwe/Pulpit/asystent/wp_api/wp_api.py:79]
2023-09-27 00:12:15,415 INFO: Received Message: Hello from Flask! [in /home/qwe/Pulpit/asystent/wp_api/wp_api.py:79]
2023-09-27 00:12:15,471 INFO: Received Message: dhjhdsgd [in /home/qwe/Pulpit/asystent/wp_api/wp_api.py:79]
2023-09-27 00:12:15,547 INFO: Received Message: asfasd [in /home/qwe/Pulpit/asystent/wp_api/wp_api.py:79]
2023-09-27 00:12:15,648 INFO: Received Message: Hello from Flask! [in /home/qwe/Pulpit/asystent/wp_api/wp_api.py:79]
2023-09-27 00:12:15,728 INFO: Received Message: Hello from Flask! [in /home/qwe/Pulpit/asystent/wp_api/wp_api.py:79]
2023-09-27 00:12:15,729 ERROR: Error in monitor_incoming_messages: name 'time' is not defined [in /home/qwe/Pulpit/asystent/wp_api/wp_api.py:85]
2023-09-27 00:12:15,729 ERROR: An error occurred in send_and_monitor_whatsapp_message: name 'time' is not defined [in /home/qwe/Pulpit/asystent/wp_api/wp_api.py:99]
2023-09-27 00:12:15,901 INFO: Monitoring started for contact: Test [in /home/qwe/Pulpit/asystent/wp_api/wp_api.py:33]
2023-09-27 00:12:57,386 INFO: Received Message: kliknij tutaj, aby wyświetlić informacje o grupie [in /home/qwe/Pulpit/asystent/wp_api/wp_api.py:81]
2023-09-27 00:12:57,431 INFO: Received Message: test [in /home/qwe/Pulpit/asystent/wp_api/wp_api.py:81]
2023-09-27 00:12:57,461 INFO: Received Message: gjfjgfjfh [in /home/qwe/Pulpit/asystent/wp_api/wp_api.py:81]
2023-09-27 00:12:57,546 INFO: Received Message: Cffg [in /home/qwe/Pulpit/asystent/wp_api/wp_api.py:81]
2023-09-27 00:12:57,575 INFO: Received Message: fdfd [in /home/qwe/Pulpit/asystent/wp_api/wp_api.py:81]
2023-09-27 00:12:57,592 INFO: Received Message: vdsdfs [in /home/qwe/Pulpit/asystent/wp_api/wp_api.py:81]
2023-09-27 00:12:57,662 INFO: Received Message: sdfsd [in /home/qwe/Pulpit/asystent/wp_api/wp_api.py:81]
2023-09-27 00:12:57,708 INFO: Received Message: cdssa [in /home/qwe/Pulpit/asystent/wp_api/wp_api.py:81]
2023-09-27 00:12:57,822 INFO: Received Message: ghj [in /home/qwe/Pulpit/asystent/wp_api/wp_api.py:81]
2023-09-27 00:12:58,029 INFO: Received Message: ffff [in /home/qwe/Pulpit/asystent/wp_api/wp_api.py:81]
2023-09-27 00:12:58,079 INFO: Received Message: fffffffff [in /home/qwe/Pulpit/asystent/wp_api/wp_api.py:81]
2023-09-27 00:12:58,098 INFO: Received Message: Hello from Flask! [in /home/qwe/Pulpit/asystent/wp_api/wp_api.py:81]
2023-09-27 00:12:58,107 INFO: Received Message: Hello from Flask! [in /home/qwe/Pulpit/asystent/wp_api/wp_api.py:81]
2023-09-27 00:12:58,129 INFO: Received Message: dhjhdsgd [in /home/qwe/Pulpit/asystent/wp_api/wp_api.py:81]
2023-09-27 00:12:58,158 INFO: Received Message: asfasd [in /home/qwe/Pulpit/asystent/wp_api/wp_api.py:81]
2023-09-27 00:12:58,185 INFO: Received Message: Hello from Flask! [in /home/qwe/Pulpit/asystent/wp_api/wp_api.py:81]
2023-09-27 00:12:58,208 INFO: Received Message: Hello from Flask! [in /home/qwe/Pulpit/asystent/wp_api/wp_api.py:81]
2023-09-27 00:12:58,237 INFO: Received Message: Hello from Flask! [in /home/qwe/Pulpit/asystent/wp_api/wp_api.py:81]
2023-09-27 00:13:28,297 INFO: Received Message: sdfsdfsd [in /home/qwe/Pulpit/asystent/wp_api/wp_api.py:81]
2023-09-27 00:14:28,435 INFO: Received Message: Działa nie? [in /home/qwe/Pulpit/asystent/wp_api/wp_api.py:81]
2023-09-27 00:14:58,508 INFO: Received Message: GIT [in /home/qwe/Pulpit/asystent/wp_api/wp_api.py:81]
